<?xml version="1.0" encoding="UTF-8"?>
<!-- Generated by org.testng.reporters.JUnitXMLReporter -->
<testsuite ignored="0" hostname="DESKTOP-5USFQ8E" failures="0" tests="2" name="Default test" time="13.772" errors="0" timestamp="2024-03-22T20:47:42 EET">
  <testcase classname="HotelSearchTest.BookingHotelTestCases" name="RandomlySelectHotelInRandomCity" time="1.946"/>
  <testcase classname="HotelSearchTest.BookingHotelTestCases" name="RandomlySelectNumberOfVisitor" time="5.858"/>
</testsuite> <!-- Default test -->
