<?xml version="1.0" encoding="UTF-8"?>
<testng-results ignored="0" total="2" passed="2" failed="0" skipped="0">
  <reporter-output>
  </reporter-output>
  <suite started-at="2024-03-22T20:47:28 EET" name="Default suite" finished-at="2024-03-22T20:47:42 EET" duration-ms="13772">
    <groups>
    </groups>
    <test started-at="2024-03-22T20:47:28 EET" name="Default test" finished-at="2024-03-22T20:47:42 EET" duration-ms="13772">
      <class name="HotelSearchTest.BookingHotelTestCases">
        <test-method is-config="true" signature="mysetup()[pri:0, instance:HotelSearchTest.BookingHotelTestCases@1b2c4efb]" started-at="2024-03-22T20:47:28 EET" name="mysetup" finished-at="2024-03-22T20:47:34 EET" duration-ms="5869" status="PASS">
          <reporter-output>
          </reporter-output>
        </test-method> <!-- mysetup -->
        <test-method signature="RandomlySelectHotelInRandomCity()[pri:1, instance:HotelSearchTest.BookingHotelTestCases@1b2c4efb]" started-at="2024-03-22T20:47:34 EET" name="RandomlySelectHotelInRandomCity" finished-at="2024-03-22T20:47:36 EET" duration-ms="1946" status="PASS">
          <reporter-output>
          </reporter-output>
        </test-method> <!-- RandomlySelectHotelInRandomCity -->
        <test-method signature="RandomlySelectNumberOfVisitor()[pri:2, instance:HotelSearchTest.BookingHotelTestCases@1b2c4efb]" started-at="2024-03-22T20:47:36 EET" name="RandomlySelectNumberOfVisitor" finished-at="2024-03-22T20:47:42 EET" duration-ms="5858" status="PASS">
          <reporter-output>
          </reporter-output>
        </test-method> <!-- RandomlySelectNumberOfVisitor -->
      </class> <!-- HotelSearchTest.BookingHotelTestCases -->
    </test> <!-- Default test -->
  </suite> <!-- Default suite -->
</testng-results>
