<?xml version="1.0" encoding="UTF-8"?>
<testng-results ignored="0" total="3" passed="3" failed="0" skipped="0">
  <reporter-output>
  </reporter-output>
  <suite started-at="2024-03-19T20:33:58 EET" name="Default suite" finished-at="2024-03-19T20:37:20 EET" duration-ms="202207">
    <groups>
    </groups>
    <test started-at="2024-03-19T20:33:58 EET" name="Default test" finished-at="2024-03-19T20:37:20 EET" duration-ms="202207">
      <class name="HomePage.HomePageTestCases">
        <test-method is-config="true" signature="mySetup()[pri:0, instance:HomePage.HomePageTestCases@7f6f61c8]" started-at="2024-03-19T20:33:58 EET" name="mySetup" finished-at="2024-03-19T20:37:20 EET" duration-ms="201719" status="PASS">
          <reporter-output>
          </reporter-output>
        </test-method> <!-- mySetup -->
        <test-method signature="CheckTheContactNumber()[pri:0, instance:HomePage.HomePageTestCases@7f6f61c8]" started-at="2024-03-19T20:37:20 EET" name="CheckTheContactNumber" finished-at="2024-03-19T20:37:20 EET" duration-ms="168" status="PASS">
          <reporter-output>
          </reporter-output>
        </test-method> <!-- CheckTheContactNumber -->
        <test-method signature="CheckTheDefaultCurrency()[pri:0, instance:HomePage.HomePageTestCases@7f6f61c8]" started-at="2024-03-19T20:37:20 EET" name="CheckTheDefaultCurrency" finished-at="2024-03-19T20:37:20 EET" duration-ms="103" status="PASS">
          <reporter-output>
          </reporter-output>
        </test-method> <!-- CheckTheDefaultCurrency -->
        <test-method signature="CheckTheDefaultLanguageIsEnglish()[pri:0, instance:HomePage.HomePageTestCases@7f6f61c8]" started-at="2024-03-19T20:37:20 EET" name="CheckTheDefaultLanguageIsEnglish" finished-at="2024-03-19T20:37:20 EET" duration-ms="82" status="PASS">
          <reporter-output>
          </reporter-output>
        </test-method> <!-- CheckTheDefaultLanguageIsEnglish -->
      </class> <!-- HomePage.HomePageTestCases -->
    </test> <!-- Default test -->
  </suite> <!-- Default suite -->
</testng-results>
